<?xml version="1.0" encoding="UTF-8"?>
<!-- Generated by org.testng.reporters.JUnitXMLReporter -->
<testsuite ignored="0" hostname="LAPTOP-G67TU0C1" failures="1" tests="1" name="JavascriptErrorTests" time="4.673" errors="0" timestamp="2023-09-25T16:59:54 CST">
  <testcase classname="com.herokuapp.theinternet.javascripterrortest.JavascriptErrorTests" name="javascriptLoadingPageTest" time="1.942">
    <failure type="java.lang.AssertionError" message="The following asserts failed:
	Severe error: https://298279967.log.optimizely.com/event?a=298279967&amp;amp;d=298279967&amp;amp;y=false&amp;amp;n=https%3A%2F%2Fthe-internet.herokuapp.com%2F&amp;amp;u=oeu1695682793190r0.887715345556072&amp;amp;wxhr=true&amp;amp;t=1695682793192&amp;amp;f=298349752,318188263 - Failed to load resource: net::ERR_NAME_NOT_RESOLVED,
	Severe error: https://the-internet.herokuapp.com/favicon.ico - Failed to load resource: the server responded with a status of 404 (Not Found),
	Severe error: https://298279967.log.optimizely.com/event?a=298279967&amp;amp;d=298279967&amp;amp;y=false&amp;amp;n=engagement&amp;amp;g=298283957&amp;amp;u=oeu1695682793190r0.887715345556072&amp;amp;wxhr=true&amp;amp;t=1695682794133&amp;amp;f=298349752,318188263 - Failed to load resource: net::ERR_NAME_NOT_RESOLVED,
	Severe error: https://the-internet.herokuapp.com/javascript_error 6:51 Uncaught TypeError: Cannot read properties of undefined (reading &amp;apos;xyz&amp;apos;)">
      <![CDATA[java.lang.AssertionError: The following asserts failed:
Severe error: https://298279967.log.optimizely.com/event?a=298279967&d=298279967&y=false&n=https%3A%2F%2Fthe-internet.herokuapp.com%2F&u=oeu1695682793190r0.887715345556072&wxhr=true&t=1695682793192&f=298349752,318188263 - Failed to load resource: net::ERR_NAME_NOT_RESOLVED,
Severe error: https://the-internet.herokuapp.com/favicon.ico - Failed to load resource: the server responded with a status of 404 (Not Found),
Severe error: https://298279967.log.optimizely.com/event?a=298279967&d=298279967&y=false&n=engagement&g=298283957&u=oeu1695682793190r0.887715345556072&wxhr=true&t=1695682794133&f=298349752,318188263 - Failed to load resource: net::ERR_NAME_NOT_RESOLVED,
Severe error: https://the-internet.herokuapp.com/javascript_error 6:51 Uncaught TypeError: Cannot read properties of undefined (reading 'xyz')
at com.herokuapp.theinternet.javascripterrortest.JavascriptErrorTests.javascriptLoadingPageTest(JavascriptErrorTests.java:31)
at java.base/java.util.ArrayList.forEach(ArrayList.java:1541)
... Removed 29 stack frames]]>
    </failure>
  </testcase> <!-- javascriptLoadingPageTest -->
</testsuite> <!-- JavascriptErrorTests -->
