<?xml version="1.0" encoding="UTF-8"?>
<!-- Generated by org.testng.reporters.JUnitXMLReporter -->
<testsuite ignored="0" hostname="LAPTOP-G67TU0C1" failures="1" tests="1" name="Dropdown" time="4.905" errors="0" timestamp="2023-08-01T12:19:04 CST">
  <testcase classname="com.herokuapp.theinternet.dropdowntest.DropdownTest" name="dropdownOptionTwoTest" time="2.003">
    <failure type="java.lang.AssertionError" message="expected [Option 2] but found [Option 2x]">
      <![CDATA[java.lang.AssertionError: expected [Option 2] but found [Option 2x]
at com.herokuapp.theinternet.dropdowntest.DropdownTest.dropdownOptionTwoTest(DropdownTest.java:27)
at java.base/java.util.ArrayList.forEach(ArrayList.java:1541)
... Removed 33 stack frames]]>
    </failure>
  </testcase> <!-- dropdownOptionTwoTest -->
</testsuite> <!-- Dropdown -->
