<!DOCTYPE html PUBLIC "-//W3C//DTD XHTML 1.1//EN" "https://www.w3.org/TR/xhtml11/DTD/xhtml11.dtd">
<html xmlns="https://www.w3.org/1999/xhtml">
<head>
<meta http-equiv="content-type" content="text/html; charset=UTF-8"/>
<title>TestNG Report</title>
<style type="text/css">table {margin-bottom:10px;border-collapse:collapse;empty-cells:show}th,td {border:1px solid #009;padding:.25em .5em}th {vertical-align:bottom}td {vertical-align:top}table a {font-weight:bold}.stripe td {background-color: #E6EBF9}.num {text-align:right}.passedodd td {background-color: #3F3}.passedeven td {background-color: #0A0}.skippedodd td {background-color: #DDD}.skippedeven td {background-color: #CCC}.failedodd td,.attn {background-color: #F33}.failedeven td,.stripe .attn {background-color: #D00}.stacktrace {white-space:pre;font-family:monospace}.totop {font-size:85%;text-align:center;border-bottom:2px solid #000}.invisible {display:none}</style>
</head>
<body>
<table>
<tr><th>Test</th><th># Passed</th><th># Skipped</th><th># Retried</th><th># Failed</th><th>Time (ms)</th><th>Included Groups</th><th>Excluded Groups</th></tr>
<tr><th colspan="8">NegativeTestsSuite</th></tr>
<tr><td><a href="#t0">NegativeTests</a></td><td class="num">1</td><td class="num">0</td><td class="num">0</td><td class="num">0</td><td class="num">3,845</td><td></td><td></td></tr>
<tr><th colspan="8">NegativeLogInTestSuite</th></tr>
<tr class="stripe"><td><a href="#t1">NegativeUsernameTest-CH</a></td><td class="num">2</td><td class="num">0</td><td class="num">0</td><td class="num">0</td><td class="num">21,730</td><td></td><td></td></tr>
<tr><td><a href="#t2">NegativeUsernameTest-FF</a></td><td class="num">2</td><td class="num">0</td><td class="num">0</td><td class="num">0</td><td class="num">21,745</td><td></td><td></td></tr>
<tr class="stripe"><td><a href="#t3">NegativePasswordTest-FF</a></td><td class="num">2</td><td class="num">0</td><td class="num">0</td><td class="num">0</td><td class="num">21,948</td><td></td><td></td></tr>
<tr><td><a href="#t4">NegativePasswordTest-CH</a></td><td class="num">2</td><td class="num">0</td><td class="num">0</td><td class="num">0</td><td class="num">21,995</td><td></td><td></td></tr>
<tr><th colspan="8">PositiveTests</th></tr>
<tr class="stripe"><td><a href="#t5">PositiveLoginTests</a></td><td class="num">1</td><td class="num">0</td><td class="num">0</td><td class="num">0</td><td class="num">5,442</td><td></td><td></td></tr>
<tr><th colspan="8">TestSuitesName (1)</th></tr>
<tr><td><a href="#t6">TestSuites</a></td><td class="num">2</td><td class="num">0</td><td class="num">0</td><td class="num attn">1</td><td class="num">7,898</td><td></td><td></td></tr>
<tr><th colspan="8">TestSuitesName</th></tr>
<tr class="stripe"><td><a href="#t7">TestSuites</a></td><td class="num">1</td><td class="num">0</td><td class="num">0</td><td class="num">0</td><td class="num">5,752</td><td></td><td></td></tr>
<tr><th colspan="8">TestSuitesName (0)</th></tr>
<tr><td><a href="#t8">Negative Login-username</a></td><td class="num">1</td><td class="num">0</td><td class="num">0</td><td class="num">0</td><td class="num">3,749</td><td></td><td></td></tr>
<tr class="stripe"><td><a href="#t9">Negative Login-password</a></td><td class="num">1</td><td class="num">0</td><td class="num">0</td><td class="num">0</td><td class="num">3,453</td><td></td><td></td></tr>
<tr><th colspan="8">LoginTests</th></tr>
<tr><td><a href="#t10">LoginTests</a></td><td class="num">0</td><td class="num">0</td><td class="num">0</td><td class="num attn">1</td><td class="num">3,269</td><td>positiveTests</td><td></td></tr>
<tr class="stripe"><td><a href="#t11">NegativeUsernameTest</a></td><td class="num">1</td><td class="num">0</td><td class="num">0</td><td class="num">0</td><td class="num">3,341</td><td></td><td></td></tr>
<tr><td><a href="#t12">NegativePasswordTest</a></td><td class="num">1</td><td class="num">0</td><td class="num">0</td><td class="num">0</td><td class="num">8,601</td><td></td><td></td></tr>
<tr><th colspan="8">DebugTests</th></tr>
<tr class="stripe"><td><a href="#t13">DebugLoginTests</a></td><td class="num">3</td><td class="num">0</td><td class="num">0</td><td class="num attn">1</td><td class="num">31,433</td><td></td><td></td></tr>
<tr><th colspan="8">NegativeTestsSuite (0)</th></tr>
<tr><td><a href="#t14">NegativePasswordTest</a></td><td class="num">1</td><td class="num">0</td><td class="num">0</td><td class="num">0</td><td class="num">8,903</td><td></td><td></td></tr>
<tr class="stripe"><td><a href="#t15">NegativeUsernameTest</a></td><td class="num">1</td><td class="num">0</td><td class="num">0</td><td class="num">0</td><td class="num">9,027</td><td></td><td></td></tr>
<tr><th colspan="8">NegativeLogInTestSuite (0)</th></tr>
<tr><td><a href="#t16">NegativeUsernameTest-FF</a></td><td class="num">1</td><td class="num">0</td><td class="num">0</td><td class="num">0</td><td class="num">84,714</td><td></td><td></td></tr>
<tr class="stripe"><td><a href="#t17">NegativePasswordTest-CH</a></td><td class="num">1</td><td class="num">0</td><td class="num">0</td><td class="num">0</td><td class="num">85,753</td><td></td><td></td></tr>
<tr><td><a href="#t18">NegativePasswordTest-FF</a></td><td class="num">1</td><td class="num">0</td><td class="num">0</td><td class="num">0</td><td class="num">107,294</td><td></td><td></td></tr>
<tr class="stripe"><td><a href="#t19">NegativeUsernameTest-CH</a></td><td class="num">1</td><td class="num">0</td><td class="num">0</td><td class="num">0</td><td class="num">112,258</td><td></td><td></td></tr>
<tr><th colspan="8">NegativeTestsSuite (1)</th></tr>
<tr><td><a href="#t20">NegativeLoginTests</a></td><td class="num">1</td><td class="num">0</td><td class="num">0</td><td class="num">0</td><td class="num">5,226</td><td>smokeTests</td><td></td></tr>
<tr><th>Total</th><th class="num">27</th><th class="num">0</th><th class="num">0</th><th class="num attn">3</th><th class="num">577,376</th><th colspan="2"></th></tr>
</table>
<table id='summary'><thead><tr><th>Class</th><th>Method</th><th>Start</th><th>Time (ms)</th></tr></thead><tbody><tr><th colspan="4">NegativeTestsSuite</th></tr></tbody><tbody id="t0"><tr><th colspan="4">NegativeTests &#8212; passed</th></tr><tr class="passedeven"><td rowspan="1">com.herokuapp.theinternet.loginpagetest.NegativeLoginTests</td><td><a href="#m0">negativeUsernameTest</a></td><td rowspan="1">1690840453323</td><td rowspan="1">2813</td></tr></tbody>
<tbody><tr><th colspan="4">NegativeLogInTestSuite</th></tr></tbody><tbody id="t1"><tr><th colspan="4">NegativeUsernameTest-CH &#8212; passed</th></tr><tr class="passedeven"><td rowspan="2">com.herokuapp.theinternet.loginpagetest.NegativeLoginTests</td><td><a href="#m1">negativePasswordTest</a></td><td rowspan="1">1690840334690</td><td rowspan="1">5060</td></tr><tr class="passedeven"><td><a href="#m2">negativeUsernameTest</a></td><td rowspan="1">1690840320180</td><td rowspan="1">9915</td></tr></tbody>
<tbody id="t2"><tr><th colspan="4">NegativeUsernameTest-FF &#8212; passed</th></tr><tr class="passedeven"><td rowspan="2">com.herokuapp.theinternet.loginpagetest.NegativeLoginTests</td><td><a href="#m3">negativePasswordTest</a></td><td rowspan="1">1690840335302</td><td rowspan="1">4464</td></tr><tr class="passedeven"><td><a href="#m4">negativeUsernameTest</a></td><td rowspan="1">1690840325444</td><td rowspan="1">4087</td></tr></tbody>
<tbody id="t3"><tr><th colspan="4">NegativePasswordTest-FF &#8212; passed</th></tr><tr class="passedeven"><td rowspan="2">com.herokuapp.theinternet.loginpagetest.NegativeLoginTests</td><td><a href="#m5">negativePasswordTest</a></td><td rowspan="1">1690840334832</td><td rowspan="1">5140</td></tr><tr class="passedeven"><td><a href="#m6">negativeUsernameTest</a></td><td rowspan="1">1690840324361</td><td rowspan="1">4997</td></tr></tbody>
<tbody id="t4"><tr><th colspan="4">NegativePasswordTest-CH &#8212; passed</th></tr><tr class="passedeven"><td rowspan="2">com.herokuapp.theinternet.loginpagetest.NegativeLoginTests</td><td><a href="#m7">negativePasswordTest</a></td><td rowspan="1">1690840333959</td><td rowspan="1">6058</td></tr><tr class="passedeven"><td><a href="#m8">negativeUsernameTest</a></td><td rowspan="1">1690840320361</td><td rowspan="1">9778</td></tr></tbody>
<tbody><tr><th colspan="4">PositiveTests</th></tr></tbody><tbody id="t5"><tr><th colspan="4">PositiveLoginTests &#8212; passed</th></tr><tr class="passedeven"><td rowspan="1">com.herokuapp.theinternet.loginpagetest.PositiveLoginTests</td><td><a href="#m9">loginTest</a></td><td rowspan="1">1690840471384</td><td rowspan="1">4209</td></tr></tbody>
<tbody><tr><th colspan="4">TestSuitesName (1)</th></tr></tbody><tbody id="t6"><tr><th colspan="4">TestSuites &#8212; failed</th></tr><tr class="failedeven"><td rowspan="1">com.herokuapp.theinternet.loginpagetest.NegativeLoginTests</td><td><a href="#m10">negativePasswordTest</a></td><td rowspan="1">1690840478014</td><td rowspan="1">3191</td></tr><tr><th colspan="4">TestSuites &#8212; passed</th></tr><tr class="passedeven"><td rowspan="1">com.herokuapp.theinternet.loginpagetest.NegativeLoginTests</td><td><a href="#m11">negativeUsernameTest</a></td><td rowspan="1">1690840477904</td><td rowspan="1">3991</td></tr><tr class="passedodd"><td rowspan="1">com.herokuapp.theinternet.loginpagetest.PositiveLoginTests</td><td><a href="#m12">loginTest</a></td><td rowspan="1">1690840477964</td><td rowspan="1">5479</td></tr></tbody>
<tbody><tr><th colspan="4">TestSuitesName</th></tr></tbody><tbody id="t7"><tr><th colspan="4">TestSuites &#8212; passed</th></tr><tr class="passedeven"><td rowspan="1">com.herokuapp.theinternet.loginpagetest.LoginPOMTest</td><td><a href="#m13">loginTest</a></td><td rowspan="1">1690840290949</td><td rowspan="1">4348</td></tr></tbody>
<tbody><tr><th colspan="4">TestSuitesName (0)</th></tr></tbody><tbody id="t8"><tr><th colspan="4">Negative Login-username &#8212; passed</th></tr><tr class="passedeven"><td rowspan="1">com.herokuapp.theinternet.loginpagetest.NegativeLoginPOMTest</td><td><a href="#m14">negativeLoginTest</a></td><td rowspan="1">1690840311759</td><td rowspan="1">2528</td></tr></tbody>
<tbody id="t9"><tr><th colspan="4">Negative Login-password &#8212; passed</th></tr><tr class="passedeven"><td rowspan="1">com.herokuapp.theinternet.loginpagetest.NegativeLoginPOMTest</td><td><a href="#m15">negativeLoginTest</a></td><td rowspan="1">1690840315546</td><td rowspan="1">2247</td></tr></tbody>
<tbody><tr><th colspan="4">LoginTests</th></tr></tbody><tbody id="t10"><tr><th colspan="4">LoginTests &#8212; failed</th></tr><tr class="failedeven"><td rowspan="1">com.herokuapp.theinternet.loginpagetest.LoginTests</td><td><a href="#m16">loginTest</a></td><td rowspan="1">1690840296733</td><td rowspan="1">1903</td></tr></tbody>
<tbody id="t11"><tr><th colspan="4">NegativeUsernameTest &#8212; passed</th></tr><tr class="passedeven"><td rowspan="1">com.herokuapp.theinternet.loginpagetest.LoginTests</td><td><a href="#m17">negativeLoginTest</a></td><td rowspan="1">1690840299826</td><td rowspan="1">2102</td></tr></tbody>
<tbody id="t12"><tr><th colspan="4">NegativePasswordTest &#8212; passed</th></tr><tr class="passedeven"><td rowspan="1">com.herokuapp.theinternet.loginpagetest.LoginTests</td><td><a href="#m18">negativeLoginTest</a></td><td rowspan="1">1690840305087</td><td rowspan="1">4812</td></tr></tbody>
<tbody><tr><th colspan="4">DebugTests</th></tr></tbody><tbody id="t13"><tr><th colspan="4">DebugLoginTests &#8212; failed</th></tr><tr class="failedeven"><td rowspan="1">com.herokuapp.theinternet.loginpagetest.ExceptionsTests</td><td><a href="#m19">staleElementReferenceExceptionTest</a></td><td rowspan="1">1690840282660</td><td rowspan="1">6820</td></tr><tr><th colspan="4">DebugLoginTests &#8212; passed</th></tr><tr class="passedeven"><td rowspan="3">com.herokuapp.theinternet.loginpagetest.ExceptionsTests</td><td><a href="#m20">elementNotInteractableException</a></td><td rowspan="1">1690840269627</td><td rowspan="1">7488</td></tr><tr class="passedeven"><td><a href="#m21">invalidElementStateExceptionTest</a></td><td rowspan="1">1690840278645</td><td rowspan="1">2381</td></tr><tr class="passedeven"><td><a href="#m22">noSuchElementExceptionTest</a></td><td rowspan="1">1690840260823</td><td rowspan="1">7744</td></tr></tbody>
<tbody><tr><th colspan="4">NegativeTestsSuite (0)</th></tr></tbody><tbody id="t14"><tr><th colspan="4">NegativePasswordTest &#8212; passed</th></tr><tr class="passedeven"><td rowspan="1">com.herokuapp.theinternet.loginpagetest.NegativeLoginTests2</td><td><a href="#m23">negativeLoginTest</a></td><td rowspan="1">1690840457533</td><td rowspan="1">7253</td></tr></tbody>
<tbody id="t15"><tr><th colspan="4">NegativeUsernameTest &#8212; passed</th></tr><tr class="passedeven"><td rowspan="1">com.herokuapp.theinternet.loginpagetest.NegativeLoginTests2</td><td><a href="#m24">negativeLoginTest</a></td><td rowspan="1">1690840457642</td><td rowspan="1">7142</td></tr></tbody>
<tbody><tr><th colspan="4">NegativeLogInTestSuite (0)</th></tr></tbody><tbody id="t16"><tr><th colspan="4">NegativeUsernameTest-FF &#8212; passed</th></tr><tr class="passedeven"><td rowspan="1">com.herokuapp.theinternet.loginpagetest.NegativeLoggInTests</td><td><a href="#m25">negativeTest</a></td><td rowspan="1">1690840346825</td><td rowspan="1">76444</td></tr></tbody>
<tbody id="t17"><tr><th colspan="4">NegativePasswordTest-CH &#8212; passed</th></tr><tr class="passedeven"><td rowspan="1">com.herokuapp.theinternet.loginpagetest.NegativeLoggInTests</td><td><a href="#m26">negativeTest</a></td><td rowspan="1">1690840342827</td><td rowspan="1">82738</td></tr></tbody>
<tbody id="t18"><tr><th colspan="4">NegativePasswordTest-FF &#8212; passed</th></tr><tr class="passedeven"><td rowspan="1">com.herokuapp.theinternet.loginpagetest.NegativeLoggInTests</td><td><a href="#m27">negativeTest</a></td><td rowspan="1">1690840345015</td><td rowspan="1">101477</td></tr></tbody>
<tbody id="t19"><tr><th colspan="4">NegativeUsernameTest-CH &#8212; passed</th></tr><tr class="passedeven"><td rowspan="1">com.herokuapp.theinternet.loginpagetest.NegativeLoggInTests</td><td><a href="#m28">negativeTest</a></td><td rowspan="1">1690840342912</td><td rowspan="1">109134</td></tr></tbody>
<tbody><tr><th colspan="4">NegativeTestsSuite (1)</th></tr></tbody><tbody id="t20"><tr><th colspan="4">NegativeLoginTests &#8212; passed</th></tr><tr class="passedeven"><td rowspan="1">com.herokuapp.theinternet.loginpagetest.NegativeLoginTests</td><td><a href="#m29">negativeUsernameTest</a></td><td rowspan="1">1690840466377</td><td rowspan="1">4022</td></tr></tbody>
</table>
<h2>NegativeTests</h2><h3 id="m0">com.herokuapp.theinternet.loginpagetest.NegativeLoginTests#negativeUsernameTest</h3><table class="result"><tr><th class="invisible"/></tr></table><p class="totop"><a href="#summary">back to summary</a></p>
<h2>NegativeUsernameTest-CH</h2><h3 id="m1">com.herokuapp.theinternet.loginpagetest.NegativeLoginTests#negativePasswordTest</h3><table class="result"><tr><th class="invisible"/></tr></table><p class="totop"><a href="#summary">back to summary</a></p>
<h3 id="m2">com.herokuapp.theinternet.loginpagetest.NegativeLoginTests#negativeUsernameTest</h3><table class="result"><tr><th class="invisible"/></tr></table><p class="totop"><a href="#summary">back to summary</a></p>
<h2>NegativeUsernameTest-FF</h2><h3 id="m3">com.herokuapp.theinternet.loginpagetest.NegativeLoginTests#negativePasswordTest</h3><table class="result"><tr><th class="invisible"/></tr></table><p class="totop"><a href="#summary">back to summary</a></p>
<h3 id="m4">com.herokuapp.theinternet.loginpagetest.NegativeLoginTests#negativeUsernameTest</h3><table class="result"><tr><th class="invisible"/></tr></table><p class="totop"><a href="#summary">back to summary</a></p>
<h2>NegativePasswordTest-FF</h2><h3 id="m5">com.herokuapp.theinternet.loginpagetest.NegativeLoginTests#negativePasswordTest</h3><table class="result"><tr><th class="invisible"/></tr></table><p class="totop"><a href="#summary">back to summary</a></p>
<h3 id="m6">com.herokuapp.theinternet.loginpagetest.NegativeLoginTests#negativeUsernameTest</h3><table class="result"><tr><th class="invisible"/></tr></table><p class="totop"><a href="#summary">back to summary</a></p>
<h2>NegativePasswordTest-CH</h2><h3 id="m7">com.herokuapp.theinternet.loginpagetest.NegativeLoginTests#negativePasswordTest</h3><table class="result"><tr><th class="invisible"/></tr></table><p class="totop"><a href="#summary">back to summary</a></p>
<h3 id="m8">com.herokuapp.theinternet.loginpagetest.NegativeLoginTests#negativeUsernameTest</h3><table class="result"><tr><th class="invisible"/></tr></table><p class="totop"><a href="#summary">back to summary</a></p>
<h2>PositiveLoginTests</h2><h3 id="m9">com.herokuapp.theinternet.loginpagetest.PositiveLoginTests#loginTest</h3><table class="result"><tr><th class="invisible"/></tr></table><p class="totop"><a href="#summary">back to summary</a></p>
<h2>TestSuites</h2><h3 id="m10">com.herokuapp.theinternet.loginpagetest.NegativeLoginTests#negativePasswordTest</h3><table class="result"><tr><th>Exception</th></tr><tr><td><div class="stacktrace">org.openqa.selenium.StaleElementReferenceException: stale element reference: stale element not found
  (Session info: chrome=115.0.5790.99)
For documentation on this error, please visit: https://selenium.dev/exceptions/#stale_element_reference
Build info: version: &apos;4.9.1&apos;, revision: &apos;eb2032df7f&apos;
System info: os.name: &apos;Windows 11&apos;, os.arch: &apos;amd64&apos;, os.version: &apos;10.0&apos;, java.version: &apos;11.0.18&apos;
Driver info: org.openqa.selenium.chrome.ChromeDriver
Command: [cf14c7685a11ce93264854af055a62ba, clickElement {id=39EDBD4833B8E11292228853BFC5E6BB_element_11}]
Capabilities {acceptInsecureCerts: false, browserName: chrome, browserVersion: 115.0.5790.99, chrome: {chromedriverVersion: 115.0.5790.98 (4eacc220b55f..., userDataDir: C:\Users\orlan\AppData\Loca...}, goog:chromeOptions: {debuggerAddress: localhost:56940}, networkConnectionEnabled: false, pageLoadStrategy: normal, platformName: windows, proxy: Proxy(), se:cdp: ws://localhost:56940/devtoo..., se:cdpVersion: 115.0.5790.99, setWindowRect: true, strictFileInteractability: false, timeouts: {implicit: 0, pageLoad: 300000, script: 30000}, unhandledPromptBehavior: dismiss and notify, webauthn:extension:credBlob: true, webauthn:extension:largeBlob: true, webauthn:extension:minPinLength: true, webauthn:extension:prf: true, webauthn:virtualAuthenticators: true}
Element: [[ChromeDriver: chrome on windows (cf14c7685a11ce93264854af055a62ba)] -&gt; xpath: //button[@type=&apos;submit&apos;]]
Session ID: cf14c7685a11ce93264854af055a62ba
	at org.openqa.selenium.remote.codec.w3c.W3CHttpResponseCodec.createException(W3CHttpResponseCodec.java:200)
	at org.openqa.selenium.remote.codec.w3c.W3CHttpResponseCodec.decode(W3CHttpResponseCodec.java:133)
	at org.openqa.selenium.remote.codec.w3c.W3CHttpResponseCodec.decode(W3CHttpResponseCodec.java:53)
	at org.openqa.selenium.remote.HttpCommandExecutor.execute(HttpCommandExecutor.java:193)
	at org.openqa.selenium.remote.service.DriverCommandExecutor.invokeExecute(DriverCommandExecutor.java:183)
	at org.openqa.selenium.remote.service.DriverCommandExecutor.execute(DriverCommandExecutor.java:158)
	at org.openqa.selenium.remote.RemoteWebDriver.execute(RemoteWebDriver.java:543)
	at org.openqa.selenium.remote.RemoteWebElement.execute(RemoteWebElement.java:257)
	at org.openqa.selenium.remote.RemoteWebElement.click(RemoteWebElement.java:78)
	at com.herokuapp.theinternet.loginpagetest.NegativeLoginTests.negativePasswordTest(NegativeLoginTests.java:74)
	at java.base/java.util.concurrent.ThreadPoolExecutor.runWorker(ThreadPoolExecutor.java:1128)
	at java.base/java.util.concurrent.ThreadPoolExecutor$Worker.run(ThreadPoolExecutor.java:628)
	at java.base/java.lang.Thread.run(Thread.java:834)
... Removed 16 stack frames</div></td></tr></table><p class="totop"><a href="#summary">back to summary</a></p>
<h3 id="m11">com.herokuapp.theinternet.loginpagetest.NegativeLoginTests#negativeUsernameTest</h3><table class="result"><tr><th class="invisible"/></tr></table><p class="totop"><a href="#summary">back to summary</a></p>
<h3 id="m12">com.herokuapp.theinternet.loginpagetest.PositiveLoginTests#loginTest</h3><table class="result"><tr><th class="invisible"/></tr></table><p class="totop"><a href="#summary">back to summary</a></p>
<h2>TestSuites</h2><h3 id="m13">com.herokuapp.theinternet.loginpagetest.LoginPOMTest#loginTest</h3><table class="result"><tr class="param"><th>Parameter #1</th><th>Parameter #2</th></tr><tr class="param stripe"><td>tomsmith</td><td>SuperSecretPassword!</td></tr></table><p class="totop"><a href="#summary">back to summary</a></p>
<h2>Negative Login-username</h2><h3 id="m14">com.herokuapp.theinternet.loginpagetest.NegativeLoginPOMTest#negativeLoginTest</h3><table class="result"><tr class="param"><th>Parameter #1</th><th>Parameter #2</th><th>Parameter #3</th></tr><tr class="param stripe"><td>tomsmit</td><td>SuperSecretPassword!</td><td>Your username is invalid!</td></tr></table><p class="totop"><a href="#summary">back to summary</a></p>
<h2>Negative Login-password</h2><h3 id="m15">com.herokuapp.theinternet.loginpagetest.NegativeLoginPOMTest#negativeLoginTest</h3><table class="result"><tr class="param"><th>Parameter #1</th><th>Parameter #2</th><th>Parameter #3</th></tr><tr class="param stripe"><td>tomsmith</td><td>SuperSecretPassword</td><td>Your password is invalid!</td></tr></table><p class="totop"><a href="#summary">back to summary</a></p>
<h2>LoginTests</h2><h3 id="m16">com.herokuapp.theinternet.loginpagetest.LoginTests#loginTest</h3><table class="result"><tr><th>Exception</th></tr><tr><td><div class="stacktrace">org.openqa.selenium.NoSuchElementException: no such element: Unable to locate element: {&quot;method&quot;:&quot;xpath&quot;,&quot;selector&quot;:&quot;//button[@type=&apos;submitt&apos;]&quot;}
  (Session info: chrome=115.0.5790.99)
For documentation on this error, please visit: https://selenium.dev/exceptions/#no_such_element
Build info: version: &apos;4.9.1&apos;, revision: &apos;eb2032df7f&apos;
System info: os.name: &apos;Windows 11&apos;, os.arch: &apos;amd64&apos;, os.version: &apos;10.0&apos;, java.version: &apos;11.0.18&apos;
Driver info: org.openqa.selenium.chrome.ChromeDriver
Command: [ecb9ba79139edbd3bf299e80fe9c10d4, findElement {using=xpath, value=//button[@type=&apos;submitt&apos;]}]
Capabilities {acceptInsecureCerts: false, browserName: chrome, browserVersion: 115.0.5790.99, chrome: {chromedriverVersion: 115.0.5790.98 (4eacc220b55f..., userDataDir: C:\Users\orlan\AppData\Loca...}, goog:chromeOptions: {debuggerAddress: localhost:55779}, networkConnectionEnabled: false, pageLoadStrategy: normal, platformName: windows, proxy: Proxy(), se:cdp: ws://localhost:55779/devtoo..., se:cdpVersion: 115.0.5790.99, setWindowRect: true, strictFileInteractability: false, timeouts: {implicit: 0, pageLoad: 300000, script: 30000}, unhandledPromptBehavior: dismiss and notify, webauthn:extension:credBlob: true, webauthn:extension:largeBlob: true, webauthn:extension:minPinLength: true, webauthn:extension:prf: true, webauthn:virtualAuthenticators: true}
Session ID: ecb9ba79139edbd3bf299e80fe9c10d4
	at org.openqa.selenium.remote.codec.w3c.W3CHttpResponseCodec.createException(W3CHttpResponseCodec.java:200)
	at org.openqa.selenium.remote.codec.w3c.W3CHttpResponseCodec.decode(W3CHttpResponseCodec.java:133)
	at org.openqa.selenium.remote.codec.w3c.W3CHttpResponseCodec.decode(W3CHttpResponseCodec.java:53)
	at org.openqa.selenium.remote.HttpCommandExecutor.execute(HttpCommandExecutor.java:193)
	at org.openqa.selenium.remote.service.DriverCommandExecutor.invokeExecute(DriverCommandExecutor.java:183)
	at org.openqa.selenium.remote.service.DriverCommandExecutor.execute(DriverCommandExecutor.java:158)
	at org.openqa.selenium.remote.RemoteWebDriver.execute(RemoteWebDriver.java:543)
	at org.openqa.selenium.remote.ElementLocation$ElementFinder$2.findElement(ElementLocation.java:162)
	at org.openqa.selenium.remote.ElementLocation.findElement(ElementLocation.java:60)
	at org.openqa.selenium.remote.RemoteWebDriver.findElement(RemoteWebDriver.java:352)
	at org.openqa.selenium.remote.RemoteWebDriver.findElement(RemoteWebDriver.java:344)
	at com.herokuapp.theinternet.loginpagetest.LoginTests.loginTest(LoginTests.java:46)
	at java.base/java.util.ArrayList.forEach(ArrayList.java:1541)
... Removed 34 stack frames</div></td></tr></table><p class="totop"><a href="#summary">back to summary</a></p>
<h2>NegativeUsernameTest</h2><h3 id="m17">com.herokuapp.theinternet.loginpagetest.LoginTests#negativeLoginTest</h3><table class="result"><tr class="param"><th>Parameter #1</th><th>Parameter #2</th><th>Parameter #3</th></tr><tr class="param stripe"><td>tommy</td><td>SuperSecretPassword!</td><td>Your username is invalid!</td></tr></table><p class="totop"><a href="#summary">back to summary</a></p>
<h2>NegativePasswordTest</h2><h3 id="m18">com.herokuapp.theinternet.loginpagetest.LoginTests#negativeLoginTest</h3><table class="result"><tr class="param"><th>Parameter #1</th><th>Parameter #2</th><th>Parameter #3</th></tr><tr class="param stripe"><td>tomsmith</td><td>otherPassword</td><td>Your password is invalid!</td></tr></table><p class="totop"><a href="#summary">back to summary</a></p>
<h2>DebugLoginTests</h2><h3 id="m19">com.herokuapp.theinternet.loginpagetest.ExceptionsTests#staleElementReferenceExceptionTest</h3><table class="result"><tr><th>Exception</th></tr><tr><td><div class="stacktrace">org.openqa.selenium.TimeoutException: Expected condition failed: waiting for element to no longer be visible: By.id: instructions (tried for 5 second(s) with 500 milliseconds interval)
Build info: version: &apos;4.9.1&apos;, revision: &apos;eb2032df7f&apos;
System info: os.name: &apos;Windows 11&apos;, os.arch: &apos;amd64&apos;, os.version: &apos;10.0&apos;, java.version: &apos;11.0.18&apos;
Driver info: org.openqa.selenium.chrome.ChromeDriver
Capabilities {acceptInsecureCerts: false, browserName: chrome, browserVersion: 115.0.5790.99, chrome: {chromedriverVersion: 115.0.5790.98 (4eacc220b55f..., userDataDir: C:\Users\orlan\AppData\Loca...}, goog:chromeOptions: {debuggerAddress: localhost:55721}, networkConnectionEnabled: false, pageLoadStrategy: normal, platformName: windows, proxy: Proxy(), se:cdp: ws://localhost:55721/devtoo..., se:cdpVersion: 115.0.5790.99, setWindowRect: true, strictFileInteractability: false, timeouts: {implicit: 0, pageLoad: 300000, script: 30000}, unhandledPromptBehavior: dismiss and notify, webauthn:extension:credBlob: true, webauthn:extension:largeBlob: true, webauthn:extension:minPinLength: true, webauthn:extension:prf: true, webauthn:virtualAuthenticators: true}
Session ID: 6c07aed919a86ff132c6d7260093db86
	at org.openqa.selenium.support.ui.WebDriverWait.timeoutException(WebDriverWait.java:87)
	at org.openqa.selenium.support.ui.FluentWait.until(FluentWait.java:231)
	at com.herokuapp.theinternet.loginpagetest.ExceptionsTests.staleElementReferenceExceptionTest(ExceptionsTests.java:132)
	at java.base/java.util.ArrayList.forEach(ArrayList.java:1541)
... Removed 31 stack frames</div></td></tr></table><p class="totop"><a href="#summary">back to summary</a></p>
<h3 id="m20">com.herokuapp.theinternet.loginpagetest.ExceptionsTests#elementNotInteractableException</h3><table class="result"><tr><th class="invisible"/></tr></table><p class="totop"><a href="#summary">back to summary</a></p>
<h3 id="m21">com.herokuapp.theinternet.loginpagetest.ExceptionsTests#invalidElementStateExceptionTest</h3><table class="result"><tr><th class="invisible"/></tr></table><p class="totop"><a href="#summary">back to summary</a></p>
<h3 id="m22">com.herokuapp.theinternet.loginpagetest.ExceptionsTests#noSuchElementExceptionTest</h3><table class="result"><tr><th class="invisible"/></tr></table><p class="totop"><a href="#summary">back to summary</a></p>
<h2>NegativePasswordTest</h2><h3 id="m23">com.herokuapp.theinternet.loginpagetest.NegativeLoginTests2#negativeLoginTest</h3><table class="result"><tr class="param"><th>Parameter #1</th><th>Parameter #2</th><th>Parameter #3</th></tr><tr class="param stripe"><td>tomsmith</td><td>otherPassword</td><td>Your password is invalid!</td></tr></table><p class="totop"><a href="#summary">back to summary</a></p>
<h2>NegativeUsernameTest</h2><h3 id="m24">com.herokuapp.theinternet.loginpagetest.NegativeLoginTests2#negativeLoginTest</h3><table class="result"><tr class="param"><th>Parameter #1</th><th>Parameter #2</th><th>Parameter #3</th></tr><tr class="param stripe"><td>tommy</td><td>SuperSecretPassword!</td><td>Your username is invalid!</td></tr></table><p class="totop"><a href="#summary">back to summary</a></p>
<h2>NegativeUsernameTest-FF</h2><h3 id="m25">com.herokuapp.theinternet.loginpagetest.NegativeLoggInTests#negativeTest</h3><table class="result"><tr class="param"><th>Parameter #1</th><th>Parameter #2</th><th>Parameter #3</th></tr><tr class="param stripe"><td>incorrectUsername</td><td>SuperSecretPassword!</td><td>Your username is invalid!</td></tr></table><p class="totop"><a href="#summary">back to summary</a></p>
<h2>NegativePasswordTest-CH</h2><h3 id="m26">com.herokuapp.theinternet.loginpagetest.NegativeLoggInTests#negativeTest</h3><table class="result"><tr class="param"><th>Parameter #1</th><th>Parameter #2</th><th>Parameter #3</th></tr><tr class="param stripe"><td>tomsmith</td><td>incorrectPassword</td><td>Your password is invalid!</td></tr></table><p class="totop"><a href="#summary">back to summary</a></p>
<h2>NegativePasswordTest-FF</h2><h3 id="m27">com.herokuapp.theinternet.loginpagetest.NegativeLoggInTests#negativeTest</h3><table class="result"><tr class="param"><th>Parameter #1</th><th>Parameter #2</th><th>Parameter #3</th></tr><tr class="param stripe"><td>tomsmith</td><td>incorrectPassword</td><td>Your password is invalid!</td></tr></table><p class="totop"><a href="#summary">back to summary</a></p>
<h2>NegativeUsernameTest-CH</h2><h3 id="m28">com.herokuapp.theinternet.loginpagetest.NegativeLoggInTests#negativeTest</h3><table class="result"><tr class="param"><th>Parameter #1</th><th>Parameter #2</th><th>Parameter #3</th></tr><tr class="param stripe"><td>incorrectUsername</td><td>SuperSecretPassword!</td><td>Your username is invalid!</td></tr></table><p class="totop"><a href="#summary">back to summary</a></p>
<h2>NegativeLoginTests</h2><h3 id="m29">com.herokuapp.theinternet.loginpagetest.NegativeLoginTests#negativeUsernameTest</h3><table class="result"><tr><th class="invisible"/></tr></table><p class="totop"><a href="#summary">back to summary</a></p>
</body>
</html>
